{
  "RSpec": {
    "coverage": {
      "/Users/jennicastiehl/Github/Turing/2module/projects/laugh-tracks/config/environment.rb": [
        null,
        1,
        null,
        null,
        1
      ],
      "/Users/jennicastiehl/Github/Turing/2module/projects/laugh-tracks/config/application.rb": [
        1,
        null,
        1,
        null,
        1,
        1,
        1,
        1,
        1,
        1,
        1,
        1,
        1,
        null,
        null,
        null,
        null,
        1,
        null,
        1,
        1,
        null,
        1,
        null,
        null,
        null,
        null,
        null,
        null,
        null,
        1,
        null,
        null
      ],
      "/Users/jennicastiehl/Github/Turing/2module/projects/laugh-tracks/config/boot.rb": [
        1,
        null,
        1,
        1
      ],
      "/Users/jennicastiehl/Github/Turing/2module/projects/laugh-tracks/config/environments/test.rb": [
        1,
        null,
        null,
        null,
        null,
        null,
        null,
        1,
        null,
        null,
        null,
        null,
        1,
        null,
        null,
        1,
        1,
        null,
        null,
        null,
        null,
        1,
        1,
        null,
        null,
        1,
        null,
        null,
        1,
        null,
        null,
        1,
        null,
        1,
        null,
        null,
        null,
        null,
        1,
        null,
        null,
        1,
        null,
        null,
        null,
        null
      ],
      "/Users/jennicastiehl/Github/Turing/2module/projects/laugh-tracks/config/initializers/application_controller_renderer.rb": [
        null,
        null,
        null,
        null,
        null,
        null,
        null,
        null
      ],
      "/Users/jennicastiehl/Github/Turing/2module/projects/laugh-tracks/config/initializers/assets.rb": [
        null,
        null,
        null,
        1,
        null,
        null,
        null,
        null,
        1,
        null,
        null,
        null,
        null,
        null
      ],
      "/Users/jennicastiehl/Github/Turing/2module/projects/laugh-tracks/config/initializers/backtrace_silencers.rb": [
        null,
        null,
        null,
        null,
        null,
        null,
        null
      ],
      "/Users/jennicastiehl/Github/Turing/2module/projects/laugh-tracks/config/initializers/content_security_policy.rb": [
        null,
        null,
        null,
        null,
        null,
        null,
        null,
        null,
        null,
        null,
        null,
        null,
        null,
        null,
        null,
        null,
        null,
        null,
        null,
        null,
        null,
        null,
        null,
        null,
        null
      ],
      "/Users/jennicastiehl/Github/Turing/2module/projects/laugh-tracks/config/initializers/cookies_serializer.rb": [
        null,
        null,
        null,
        null,
        1
      ],
      "/Users/jennicastiehl/Github/Turing/2module/projects/laugh-tracks/config/initializers/filter_parameter_logging.rb": [
        null,
        null,
        null,
        1
      ],
      "/Users/jennicastiehl/Github/Turing/2module/projects/laugh-tracks/config/initializers/inflections.rb": [
        null,
        null,
        null,
        null,
        null,
        null,
        null,
        null,
        null,
        null,
        null,
        null,
        null,
        null,
        null,
        null
      ],
      "/Users/jennicastiehl/Github/Turing/2module/projects/laugh-tracks/config/initializers/mime_types.rb": [
        null,
        null,
        null,
        null
      ],
      "/Users/jennicastiehl/Github/Turing/2module/projects/laugh-tracks/config/initializers/wrap_parameters.rb": [
        null,
        null,
        null,
        null,
        null,
        null,
        1,
        2,
        null,
        null,
        null,
        null,
        null,
        null
      ],
      "/Users/jennicastiehl/Github/Turing/2module/projects/laugh-tracks/config/routes.rb": [
        1,
        null,
        1,
        null,
        1,
        1,
        1,
        null,
        1,
        1,
        1,
        null,
        null,
        null,
        1,
        null,
        1,
        1,
        null,
        null
      ],
      "/Users/jennicastiehl/Github/Turing/2module/projects/laugh-tracks/app/helpers/application_helper.rb": [
        1,
        null
      ],
      "/Users/jennicastiehl/Github/Turing/2module/projects/laugh-tracks/spec/features/comedians/new_spec.rb": [
        1,
        null,
        1,
        1,
        2,
        2,
        2,
        2,
        2,
        2,
        2,
        2,
        2,
        2,
        null,
        1,
        1,
        1,
        1,
        1,
        1,
        1,
        null,
        1,
        1,
        null,
        null,
        1,
        1,
        1,
        1,
        1,
        1,
        null,
        1,
        null,
        null,
        null
      ],
      "/Users/jennicastiehl/Github/Turing/2module/projects/laugh-tracks/spec/features/comedians/show_spec.rb": [
        1,
        null,
        1,
        1,
        1,
        1,
        null,
        1,
        1,
        1,
        null,
        1,
        1,
        1,
        null,
        1,
        1,
        1,
        1,
        1,
        1,
        null,
        null,
        null,
        null,
        null
      ],
      "/Users/jennicastiehl/Github/Turing/2module/projects/laugh-tracks/spec/features/users/login_spec.rb": [
        1,
        null,
        1,
        1,
        1,
        1,
        null,
        1,
        1,
        null,
        null,
        1,
        null,
        1,
        1,
        1,
        1,
        null,
        null,
        1,
        1,
        1,
        1,
        null,
        1,
        1,
        null,
        1,
        null,
        1,
        1,
        null,
        null,
        1,
        null,
        1,
        1,
        null,
        null,
        1,
        null,
        1,
        1,
        1,
        1,
        0,
        0,
        0,
        null,
        null
      ],
      "/Users/jennicastiehl/Github/Turing/2module/projects/laugh-tracks/spec/features/users/registration_spec.rb": [
        1,
        1,
        1,
        1,
        null,
        1,
        1,
        null,
        1,
        1,
        null,
        1,
        null,
        1,
        1,
        1,
        null,
        null,
        1,
        1,
        null,
        1,
        1,
        null,
        1,
        1,
        null,
        1,
        null,
        1,
        null,
        1,
        null,
        null
      ],
      "/Users/jennicastiehl/Github/Turing/2module/projects/laugh-tracks/spec/features/welcome_spec.rb": [
        1,
        1,
        1,
        1,
        1,
        null,
        null,
        null,
        null
      ],
      "/Users/jennicastiehl/Github/Turing/2module/projects/laugh-tracks/spec/models/comedian_spec.rb": [
        1,
        null,
        1,
        1,
        14,
        14,
        14,
        14,
        14,
        14,
        14,
        14,
        null,
        1,
        2,
        null,
        1,
        2,
        2,
        2,
        2,
        null,
        1,
        1,
        1,
        1,
        null,
        null,
        1,
        1,
        1,
        null,
        1,
        1,
        1,
        null,
        1,
        1,
        1,
        null,
        1,
        1,
        1,
        null,
        1,
        1,
        1,
        1,
        null,
        1,
        1,
        1,
        1,
        null,
        1,
        1,
        1,
        1,
        null,
        null,
        1,
        1,
        1,
        1,
        null,
        null,
        null
      ],
      "/Users/jennicastiehl/Github/Turing/2module/projects/laugh-tracks/app/models/comedian.rb": [
        1,
        null,
        1,
        1,
        1,
        null,
        1,
        1,
        1,
        1,
        null,
        1,
        13,
        null,
        null,
        1,
        12,
        null,
        null,
        1,
        3,
        null,
        null,
        1,
        12,
        null,
        null,
        1,
        12,
        null,
        null,
        1,
        45,
        null,
        null,
        1,
        12,
        null,
        null,
        null
      ],
      "/Users/jennicastiehl/Github/Turing/2module/projects/laugh-tracks/app/models/application_record.rb": [
        1,
        1,
        null
      ],
      "/Users/jennicastiehl/Github/Turing/2module/projects/laugh-tracks/spec/models/special_spec.rb": [
        1,
        null,
        1,
        1,
        3,
        3,
        3,
        3,
        3,
        3,
        3,
        3,
        null,
        1,
        2,
        null,
        1,
        2,
        null,
        1,
        1,
        1,
        1,
        null,
        null,
        null
      ],
      "/Users/jennicastiehl/Github/Turing/2module/projects/laugh-tracks/app/models/special.rb": [
        1,
        null,
        1,
        null,
        1,
        1,
        1,
        null,
        1,
        1,
        null,
        null,
        null,
        null,
        null,
        null,
        null,
        null
      ],
      "/Users/jennicastiehl/Github/Turing/2module/projects/laugh-tracks/spec/models/user_spec.rb": [
        1,
        null,
        1,
        1,
        2,
        2,
        null,
        null,
        1,
        2,
        2,
        2,
        null,
        null
      ],
      "/Users/jennicastiehl/Github/Turing/2module/projects/laugh-tracks/app/models/user.rb": [
        1,
        1,
        1,
        null,
        1,
        1,
        null,
        1,
        null
      ],
      "/Users/jennicastiehl/Github/Turing/2module/projects/laugh-tracks/app/controllers/comedians_controller.rb": [
        1,
        1,
        11,
        3,
        8,
        3,
        null,
        5,
        null,
        null,
        null,
        1,
        3,
        null,
        null,
        1,
        2,
        2,
        1,
        1,
        null,
        1,
        null,
        null,
        null,
        1,
        2,
        null,
        null,
        1,
        1,
        25,
        null,
        null,
        1,
        2,
        null,
        null
      ],
      "/Users/jennicastiehl/Github/Turing/2module/projects/laugh-tracks/app/controllers/application_controller.rb": [
        1,
        1,
        null,
        1,
        36,
        null,
        null
      ],
      "/Users/jennicastiehl/Github/Turing/2module/projects/laugh-tracks/app/controllers/welcome_controller.rb": [
        1,
        1,
        null,
        null,
        null,
        null,
        null,
        null
      ],
      "/Users/jennicastiehl/Github/Turing/2module/projects/laugh-tracks/app/controllers/sessions_controller.rb": [
        1,
        1,
        null,
        null,
        1,
        2,
        2,
        1,
        1,
        null,
        1,
        null,
        null,
        null,
        1,
        0,
        0,
        null,
        null,
        null
      ],
      "/Users/jennicastiehl/Github/Turing/2module/projects/laugh-tracks/app/controllers/users_controller.rb": [
        1,
        1,
        2,
        null,
        null,
        1,
        2,
        2,
        1,
        1,
        null,
        1,
        null,
        null,
        null,
        1,
        null,
        null,
        1,
        0,
        null,
        null,
        1,
        0,
        0,
        null,
        1,
        1,
        2,
        null,
        null
      ],
      "/Users/jennicastiehl/Github/Turing/2module/projects/laugh-tracks/app/models/favorite.rb": [
        1,
        1,
        1,
        null
      ]
    },
    "timestamp": 1552919807
  }
}
